EPISODE:      1 / TIMESTEP:      197 / DURATION:   198 / EPSILON: 1.00000 / AVG_REWARD: 31.602 / AVG_MAX_Q: -0.0240 / AVG_LOSS: 0.00000 / MODE: random
EPISODE:      2 / TIMESTEP:      390 / DURATION:   193 / EPSILON: 1.00000 / AVG_REWARD: 43.316 / AVG_MAX_Q: -0.0630 / AVG_LOSS: 0.00000 / MODE: random
EPISODE:      3 / TIMESTEP:      581 / DURATION:   191 / EPSILON: 1.00000 / AVG_REWARD: 55.540 / AVG_MAX_Q: -0.0459 / AVG_LOSS: 0.00000 / MODE: random
EPISODE:      4 / TIMESTEP:      779 / DURATION:   198 / EPSILON: 1.00000 / AVG_REWARD: 70.665 / AVG_MAX_Q: 0.0125 / AVG_LOSS: 0.00000 / MODE: random
EPISODE:      5 / TIMESTEP:      974 / DURATION:   195 / EPSILON: 1.00000 / AVG_REWARD: 68.728 / AVG_MAX_Q: -0.0115 / AVG_LOSS: 0.00000 / MODE: random
EPISODE:      6 / TIMESTEP:     1167 / DURATION:   193 / EPSILON: 1.00000 / AVG_REWARD: 63.699 / AVG_MAX_Q: 0.0251 / AVG_LOSS: 0.00000 / MODE: random
EPISODE:      7 / TIMESTEP:     1359 / DURATION:   192 / EPSILON: 1.00000 / AVG_REWARD: 60.045 / AVG_MAX_Q: -0.0605 / AVG_LOSS: 0.00000 / MODE: random
EPISODE:      8 / TIMESTEP:     1553 / DURATION:   194 / EPSILON: 1.00000 / AVG_REWARD: 63.298 / AVG_MAX_Q: -0.0260 / AVG_LOSS: 0.00000 / MODE: random
EPISODE:      9 / TIMESTEP:     1744 / DURATION:   191 / EPSILON: 1.00000 / AVG_REWARD: 62.904 / AVG_MAX_Q: -0.0698 / AVG_LOSS: 0.00000 / MODE: random
EPISODE:     10 / TIMESTEP:     1934 / DURATION:   190 / EPSILON: 1.00000 / AVG_REWARD: 63.484 / AVG_MAX_Q: -0.0366 / AVG_LOSS: 0.00000 / MODE: random
EPISODE:     11 / TIMESTEP:     2127 / DURATION:   193 / EPSILON: 1.00000 / AVG_REWARD: 61.396 / AVG_MAX_Q: -0.0682 / AVG_LOSS: 0.00000 / MODE: random
EPISODE:     12 / TIMESTEP:     2317 / DURATION:   190 / EPSILON: 1.00000 / AVG_REWARD: 62.108 / AVG_MAX_Q: -0.0057 / AVG_LOSS: 0.00000 / MODE: random
EPISODE:     13 / TIMESTEP:     2514 / DURATION:   197 / EPSILON: 1.00000 / AVG_REWARD: 62.005 / AVG_MAX_Q: -0.0498 / AVG_LOSS: 0.00000 / MODE: random
EPISODE:     14 / TIMESTEP:     2709 / DURATION:   195 / EPSILON: 1.00000 / AVG_REWARD: 63.474 / AVG_MAX_Q: 0.0230 / AVG_LOSS: 0.00000 / MODE: random
EPISODE:     15 / TIMESTEP:     2904 / DURATION:   195 / EPSILON: 1.00000 / AVG_REWARD: 65.110 / AVG_MAX_Q: -0.0408 / AVG_LOSS: 0.00000 / MODE: random
EPISODE:     16 / TIMESTEP:     3094 / DURATION:   190 / EPSILON: 1.00000 / AVG_REWARD: 65.227 / AVG_MAX_Q: -0.0689 / AVG_LOSS: 0.00000 / MODE: random
EPISODE:     17 / TIMESTEP:     3291 / DURATION:   197 / EPSILON: 1.00000 / AVG_REWARD: 66.149 / AVG_MAX_Q: -0.0241 / AVG_LOSS: 0.00000 / MODE: random
EPISODE:     18 / TIMESTEP:     3482 / DURATION:   191 / EPSILON: 1.00000 / AVG_REWARD: 66.013 / AVG_MAX_Q: -0.0598 / AVG_LOSS: 0.00000 / MODE: random
EPISODE:     19 / TIMESTEP:     3672 / DURATION:   190 / EPSILON: 1.00000 / AVG_REWARD: 63.451 / AVG_MAX_Q: -0.0632 / AVG_LOSS: 0.00000 / MODE: random
EPISODE:     20 / TIMESTEP:     3867 / DURATION:   195 / EPSILON: 1.00000 / AVG_REWARD: 64.637 / AVG_MAX_Q: 0.0352 / AVG_LOSS: 0.00000 / MODE: random
EPISODE:     21 / TIMESTEP:     4063 / DURATION:   196 / EPSILON: 1.00000 / AVG_REWARD: 67.499 / AVG_MAX_Q: -0.0415 / AVG_LOSS: 0.00000 / MODE: random
EPISODE:     22 / TIMESTEP:     4259 / DURATION:   196 / EPSILON: 1.00000 / AVG_REWARD: 68.530 / AVG_MAX_Q: -0.0458 / AVG_LOSS: 0.00000 / MODE: random
EPISODE:     23 / TIMESTEP:     4454 / DURATION:   195 / EPSILON: 1.00000 / AVG_REWARD: 67.412 / AVG_MAX_Q: -0.0644 / AVG_LOSS: 0.00000 / MODE: random
EPISODE:     24 / TIMESTEP:     4653 / DURATION:   199 / EPSILON: 1.00000 / AVG_REWARD: 66.119 / AVG_MAX_Q: -0.0085 / AVG_LOSS: 0.00000 / MODE: random
EPISODE:     25 / TIMESTEP:     4852 / DURATION:   199 / EPSILON: 1.00000 / AVG_REWARD: 64.791 / AVG_MAX_Q: -0.0281 / AVG_LOSS: 0.00000 / MODE: random
EPISODE:     26 / TIMESTEP:     5042 / DURATION:   190 / EPSILON: 1.00000 / AVG_REWARD: 64.764 / AVG_MAX_Q: -0.0471 / AVG_LOSS: 0.00000 / MODE: random
